<?xml version="1.0" encoding="UTF-8"?>
<testng-results ignored="0" total="1" passed="1" failed="0" skipped="0">
  <reporter-output>
  </reporter-output>
  <suite started-at="2022-09-19T12:45:16 IST" name="Default suite" finished-at="2022-09-19T12:45:27 IST" duration-ms="10745">
    <groups>
    </groups>
    <test started-at="2022-09-19T12:45:16 IST" name="Default test" finished-at="2022-09-19T12:45:27 IST" duration-ms="10745">
      <class name="mobile_world.all_mobiles">
        <test-method signature="setup()[pri:0, instance:mobile_world.all_mobiles@6bedbc4d]" started-at="2022-09-19T12:45:16 IST" name="setup" finished-at="2022-09-19T12:45:27 IST" duration-ms="10704" status="PASS">
          <reporter-output>
          </reporter-output>
        </test-method> <!-- setup -->
      </class> <!-- mobile_world.all_mobiles -->
    </test> <!-- Default test -->
  </suite> <!-- Default suite -->
</testng-results>
